SF:lib/utils/enums/day_of_the_week.dart
DA:18,4
DA:19,16
DA:20,1
DA:22,12
DA:26,3
DA:27,6
DA:28,3
DA:30,9
DA:37,7
DA:38,7
DA:41,7
DA:42,35
DA:45,28
DA:46,21
LF:14
LH:14
end_of_record
SF:lib/models/time_slot.dart
DA:8,8
DA:10,7
DA:12,7
DA:13,21
DA:14,21
DA:15,21
DA:17,0
DA:18,0
LF:8
LH:6
end_of_record
SF:lib/models/shop.dart
DA:7,7
LF:1
LH:1
end_of_record
SF:lib/state/app_state.dart
DA:16,2
DA:17,2
DA:18,2
DA:19,12
DA:21,7
DA:22,14
DA:24,7
DA:25,21
DA:26,21
DA:27,21
DA:28,7
DA:31,5
DA:32,5
DA:33,5
DA:36,6
DA:37,6
DA:38,18
DA:39,6
DA:42,6
DA:43,6
DA:44,6
DA:49,2
DA:50,2
DA:57,3
DA:58,3
DA:59,6
DA:60,12
DA:61,6
DA:64,2
DA:65,2
DA:66,4
DA:67,8
DA:68,4
DA:73,4
DA:74,12
DA:75,12
DA:77,16
DA:78,16
DA:87,5
DA:89,10
DA:90,20
DA:91,5
DA:94,25
DA:99,5
DA:100,5
DA:102,10
DA:103,10
DA:109,2
DA:110,2
DA:114,4
DA:116,14
DA:117,1
DA:123,2
DA:124,2
DA:125,1
DA:126,1
DA:132,2
DA:133,4
DA:136,3
DA:137,3
DA:138,9
DA:140,9
DA:141,1
DA:143,6
DA:147,2
DA:148,2
DA:149,6
DA:151,2
DA:152,6
DA:154,2
DA:159,1
DA:160,1
DA:161,1
DA:162,1
DA:165,1
DA:166,2
DA:167,1
DA:169,1
DA:172,1
DA:173,1
DA:178,1
DA:179,1
DA:181,2
DA:182,1
DA:184,1
DA:185,3
DA:191,1
DA:193,4
DA:197,1
DA:198,1
DA:199,2
DA:200,2
DA:201,1
DA:203,1
DA:207,2
DA:208,2
DA:210,1
DA:214,1
DA:215,1
DA:220,1
DA:221,1
DA:222,6
DA:223,3
DA:229,5
DA:230,3
DA:234,2
DA:235,2
DA:236,5
DA:237,5
DA:239,3
DA:242,1
DA:243,3
DA:245,5
LF:113
LH:113
end_of_record
SF:lib/data/shops_data.dart
DA:6,21
DA:8,7
DA:9,7
DA:12,7
DA:17,28
DA:18,7
DA:19,7
DA:20,7
DA:21,7
DA:22,7
DA:23,7
DA:24,7
DA:25,7
DA:26,7
DA:27,7
DA:30,28
DA:31,7
DA:32,7
DA:33,7
DA:34,7
DA:35,7
DA:36,7
DA:37,7
DA:38,7
DA:39,7
DA:40,7
DA:41,7
DA:42,7
DA:45,28
DA:46,7
DA:47,7
DA:48,7
DA:49,7
DA:50,7
DA:51,7
DA:54,28
DA:55,7
DA:56,7
DA:57,7
DA:58,7
DA:59,7
DA:60,7
DA:61,7
DA:64,28
DA:65,7
DA:66,7
DA:67,7
DA:68,7
DA:69,7
DA:70,7
DA:71,7
DA:72,7
DA:73,7
DA:74,7
DA:75,7
DA:76,7
DA:79,28
DA:80,7
DA:81,7
DA:82,7
DA:83,7
DA:84,7
DA:85,7
DA:86,7
DA:87,7
DA:88,7
DA:89,7
DA:90,7
DA:91,7
DA:92,7
DA:93,7
DA:94,7
DA:95,7
DA:96,7
DA:97,7
DA:98,7
LF:76
LH:76
end_of_record
SF:lib/utils/extensions/int_extension.dart
DA:4,2
DA:5,4
DA:6,4
DA:8,2
DA:11,4
DA:12,2
DA:14,2
LF:7
LH:7
end_of_record
SF:lib/utils/extensions/time_of_day_extension.dart
DA:6,5
DA:7,20
LF:2
LH:2
end_of_record
